[0.000000] (-) TimerEvent: {}
[0.000266] (road_inspection) JobQueued: {'identifier': 'road_inspection', 'dependencies': OrderedDict()}
[0.000323] (road_inspection) JobStarted: {'identifier': 'road_inspection'}
[0.098751] (-) TimerEvent: {}
[0.199108] (-) TimerEvent: {}
[0.299678] (-) TimerEvent: {}
[0.400270] (-) TimerEvent: {}
[0.500618] (-) TimerEvent: {}
[0.600992] (-) TimerEvent: {}
[0.701437] (-) TimerEvent: {}
[0.774466] (road_inspection) Command: {'cmd': ['/usr/bin/python3', 'setup.py', 'develop', '--editable', '--build-directory', '/home/kasm-user/ros2_ws/src/build/road_inspection/build', '--no-deps', 'install_data'], 'cwd': '/home/kasm-user/ros2_ws/src/build/road_inspection', 'env': {'LANGUAGE': 'en_US:en', 'HOSTNAME': '898ca75d2531', 'SSH_AGENT_PID': '215', 'DEBUG': 'false', 'SHLVL': '1', 'LD_LIBRARY_PATH': '/opt/ros/lcas_addons/install/limo_msgs/lib:/opt/ros/lcas_addons/install/astra_camera/lib:/opt/ros/lcas_addons/install/astra_camera_msgs/lib:/usr/lib/x86_64-linux-gnu/gazebo-11/plugins:/opt/ros/humble/opt/rviz_ogre_vendor/lib:/opt/ros/humble/lib/x86_64-linux-gnu:/opt/ros/humble/lib:/usr/lib/x86_64-linux-gnu:/usr/lib/i386-linux-gnu:/opt/libjpeg-turbo/lib64/:/usr/local/lib/:/usr/local/nvidia/lib:/usr/local/nvidia/lib64:/usr/share/gazebo/../../lib/x86_64-linux-gnu/gazebo-11/plugins::/usr/share/gazebo/../../lib/x86_64-linux-gnu/gazebo-11/plugins:/usr/share/gazebo/../../lib/x86_64-linux-gnu/gazebo-11/plugins:', 'OMP_WAIT_POLICY': 'PASSIVE', 'HOME': '/home/kasm-user', 'NO_VNC_PORT': '6901', 'OLDPWD': '/home/kasm-user/ros2_ws', 'DESKTOP_SESSION': 'xfce', 'PANEL_GDK_CORE_DEVICE_EVENTS': '0', 'STARTUPDIR': '/dockerstartup', 'GAZEBO_MASTER_URI': 'http://localhost:11345', 'ROS_PYTHON_VERSION': '3', 'PS1': 'default:\\w$', 'START_PULSEAUDIO': '1', 'DBUS_SESSION_BUS_ADDRESS': 'unix:abstract=/tmp/dbus-PbLMagMioB,guid=fefee8fb576486e88fa7960c65794372', 'COLORTERM': 'truecolor', 'VNC_COL_DEPTH': '24', 'COLCON_PREFIX_PATH': '/home/kasm-user/ros2_ws/install:/opt/ros/lcas_addons/install', 'MAX_FRAME_RATE': '24', 'ROS_DISTRO': 'humble', 'WINDOWID': '31458691', '_': '/usr/bin/colcon', 'ROS_VERSION': '2', 'NVIDIA_DRIVER_CAPABILITIES': 'graphics,compat32,utility', 'KASM_SVC_PRINTER': '0', 'VNCOPTIONS': '-PreferBandwidth -DynamicQualityMin=4 -DynamicQualityMax=7 -DLP_ClipDelay=0 -select-de manual', 'TERM': 'xterm-256color', 'GAZEBO_MODEL_PATH': '/usr/share/gazebo/../../share/gazebo-11/models:/usr/share/gazebo/../../share/gazebo-11/models:/opt/ros/lcas_addons/install/uol_turtlebot_simulator/share/uol_turtlebot_simulator/models', 'ROS_LOCALHOST_ONLY': '0', 'OGRE_RESOURCE_PATH': '/usr/lib/x86_64-linux-gnu/OGRE-1.9.0', 'PATH': '/home/kasm-user/.local/bin:/home/kasm-user/.local/bin:/opt/ros/humble/bin:/usr/local/sbin:/usr/local/bin:/usr/sbin:/usr/bin:/sbin:/bin', 'SESSION_MANAGER': 'local/898ca75d2531:@/tmp/.ICE-unix/137,unix/898ca75d2531:/tmp/.ICE-unix/137', 'PULSE_RUNTIME_PATH': '/var/run/pulse', 'XDG_MENU_PREFIX': 'xfce-', 'SDL_GAMECONTROLLERCONFIG': '030000005e040000be02000014010000,XInput Controller,platform:Linux,a:b0,b:b1,x:b2,y:b3,back:b8,guide:b16,start:b9,leftstick:b10,rightstick:b11,leftshoulder:b4,rightshoulder:b5,dpup:b12,dpdown:b13,dpleft:b14,dpright:b15,leftx:a0,lefty:a1,rightx:a2,righty:a3,lefttrigger:b6,righttrigger:b7', 'GOMP_SPINCOUNT': '0', 'START_XFCE4': '1', 'DISPLAY': ':1.0', 'LANG': 'en_US.UTF-8', 'XDG_CURRENT_DESKTOP': 'XFCE', 'RMW_IMPLEMENTATION': 'rmw_cyclonedds_cpp', 'ROSDISTRO_INDEX_URL': 'https://raw.github.com/LCAS/rosdistro/master/index-v4.yaml', 'SSH_AUTH_SOCK': '/tmp/ssh-XXXXXXezGRW9/agent.210', 'AMENT_PREFIX_PATH': '/opt/ros/lcas_addons/install/ydlidar_ros2_driver:/opt/ros/lcas_addons/install/voice_control:/opt/ros/lcas_addons/install/uol_turtlebot_simulator:/opt/ros/lcas_addons/install/limo_navigation:/opt/ros/lcas_addons/install/limo_bringup:/opt/ros/lcas_addons/install/limo_base:/opt/ros/lcas_addons/install/limo_msgs:/opt/ros/lcas_addons/install/limo_gazebosim:/opt/ros/lcas_addons/install/limo_description:/opt/ros/lcas_addons/install/cmp3103m_ros2_code_fragments:/opt/ros/lcas_addons/install/astra_camera:/opt/ros/lcas_addons/install/astra_camera_msgs:/opt/ros/humble', 'DEBIAN_FRONTEND': 'noninteractive', 'SHELL': '/bin/bash', 'INST_SCRIPTS': '/dockerstartup/install', 'GAZEBO_RESOURCE_PATH': '/usr/share/gazebo/../../share/gazebo-11:/usr/share/gazebo/../../share/gazebo-11:/opt/ros/lcas_addons/install/uol_turtlebot_simulator/share/uol_turtlebot_simulator/worlds:/opt/ros/lcas_addons/install/uol_turtlebot_simulator/share/uol_turtlebot_simulator/models', 'GAZEBO_MODEL_DATABASE_URI': 'http://models.gazebosim.org', 'PWD': '/home/kasm-user/ros2_ws/src/build/road_inspection', 'VNC_RESOLUTION': '1280x720', 'TURTLEBOT3_MODEL': 'waffle', 'LC_ALL': 'en_US.UTF-8', 'XDG_CONFIG_DIRS': '/etc/xdg', 'GAZEBO_PLUGIN_PATH': '/usr/share/gazebo/../../lib/x86_64-linux-gnu/gazebo-11/plugins:/usr/share/gazebo/../../lib/x86_64-linux-gnu/gazebo-11/plugins:', 'XDG_DATA_DIRS': '/usr/local/share:/usr/share', 'PYTHONPATH': '/home/kasm-user/ros2_ws/src/build/road_inspection/prefix_override:/home/kasm-user/ros2_ws/src/install/road_inspection/lib/python3.10/site-packages:/home/kasm-user/ros2_ws/build/road_inspection:/home/kasm-user/ros2_ws/install/road_inspection/lib/python3.10/site-packages:/opt/ros/lcas_addons/install/voice_control/lib/python3.10/site-packages:/opt/ros/lcas_addons/install/limo_msgs/local/lib/python3.10/dist-packages:/opt/ros/lcas_addons/install/limo_gazebosim/local/lib/python3.10/dist-packages:/opt/ros/lcas_addons/install/cmp3103m_ros2_code_fragments/lib/python3.10/site-packages:/opt/ros/lcas_addons/install/astra_camera_msgs/local/lib/python3.10/dist-packages:/opt/ros/humble/lib/python3.10/site-packages:/opt/ros/humble/local/lib/python3.10/dist-packages', 'DISTRO': 'ubuntu', 'TZ': 'Etc/UTC', 'AUDIO_PORT': '4901', 'COLCON': '1', 'VTE_VERSION': '6800', 'CMAKE_PREFIX_PATH': '/opt/ros/lcas_addons/install/ydlidar_ros2_driver:/opt/ros/lcas_addons/install/uol_turtlebot_simulator:/opt/ros/lcas_addons/install/limo_navigation:/opt/ros/lcas_addons/install/limo_bringup:/opt/ros/lcas_addons/install/limo_base:/opt/ros/lcas_addons/install/limo_msgs:/opt/ros/lcas_addons/install/limo_gazebosim:/opt/ros/lcas_addons/install/limo_description:/opt/ros/lcas_addons/install/astra_camera:/opt/ros/lcas_addons/install/astra_camera_msgs', 'KASMVNC_AUTO_RECOVER': 'true', 'KASM_VNC_PATH': '/usr/share/kasmvnc', 'VNC_PORT': '5901'}, 'shell': False}
[0.801611] (-) TimerEvent: {}
[0.902008] (-) TimerEvent: {}
[1.002477] (-) TimerEvent: {}
[1.086434] (road_inspection) StdoutLine: {'line': b'running develop\n'}
[1.087015] (road_inspection) StderrLine: {'line': b'/usr/lib/python3/dist-packages/setuptools/command/easy_install.py:158: EasyInstallDeprecationWarning: easy_install command is deprecated. Use build and pip and other standards-based tools.\n'}
[1.087178] (road_inspection) StderrLine: {'line': b'  warnings.warn(\n'}
[1.088378] (road_inspection) StderrLine: {'line': b'/usr/lib/python3/dist-packages/setuptools/command/install.py:34: SetuptoolsDeprecationWarning: setup.py install is deprecated. Use build and pip and other standards-based tools.\n'}
[1.088561] (road_inspection) StderrLine: {'line': b'  warnings.warn(\n'}
[1.102610] (-) TimerEvent: {}
[1.202964] (-) TimerEvent: {}
[1.262188] (road_inspection) StdoutLine: {'line': b'running egg_info\n'}
[1.262506] (road_inspection) StdoutLine: {'line': b'writing road_inspection.egg-info/PKG-INFO\n'}
[1.263230] (road_inspection) StdoutLine: {'line': b'writing dependency_links to road_inspection.egg-info/dependency_links.txt\n'}
[1.263425] (road_inspection) StdoutLine: {'line': b'writing entry points to road_inspection.egg-info/entry_points.txt\n'}
[1.263730] (road_inspection) StdoutLine: {'line': b'writing requirements to road_inspection.egg-info/requires.txt\n'}
[1.263901] (road_inspection) StdoutLine: {'line': b'writing top-level names to road_inspection.egg-info/top_level.txt\n'}
[1.265705] (road_inspection) StdoutLine: {'line': b"reading manifest file 'road_inspection.egg-info/SOURCES.txt'\n"}
[1.266671] (road_inspection) StdoutLine: {'line': b"writing manifest file 'road_inspection.egg-info/SOURCES.txt'\n"}
[1.267894] (road_inspection) StdoutLine: {'line': b'running build_ext\n'}
[1.268222] (road_inspection) StdoutLine: {'line': b'Creating /home/kasm-user/ros2_ws/src/install/road_inspection/lib/python3.10/site-packages/road-inspection.egg-link (link to .)\n'}
[1.269353] (road_inspection) StdoutLine: {'line': b'Installing image_projection1 script to /home/kasm-user/ros2_ws/src/install/road_inspection/lib/road_inspection\n'}
[1.269643] (road_inspection) StdoutLine: {'line': b'Installing mover script to /home/kasm-user/ros2_ws/src/install/road_inspection/lib/road_inspection\n'}
[1.269794] (road_inspection) StdoutLine: {'line': b'Installing mover_with_pose script to /home/kasm-user/ros2_ws/src/install/road_inspection/lib/road_inspection\n'}
[1.270167] (road_inspection) StdoutLine: {'line': b'Installing opencv_test script to /home/kasm-user/ros2_ws/src/install/road_inspection/lib/road_inspection\n'}
[1.270276] (road_inspection) StdoutLine: {'line': b'Installing tf_listener script to /home/kasm-user/ros2_ws/src/install/road_inspection/lib/road_inspection\n'}
[1.270367] (road_inspection) StdoutLine: {'line': b'\n'}
[1.270483] (road_inspection) StdoutLine: {'line': b'Installed /home/kasm-user/ros2_ws/src/build/road_inspection\n'}
[1.270774] (road_inspection) StdoutLine: {'line': b'running install_data\n'}
[1.270900] (road_inspection) StdoutLine: {'line': b'copying package.xml -> /home/kasm-user/ros2_ws/src/install/road_inspection/share/road_inspection\n'}
[1.303098] (-) TimerEvent: {}
[1.308448] (road_inspection) CommandEnded: {'returncode': 0}
[1.384193] (road_inspection) JobEnded: {'identifier': 'road_inspection', 'rc': 0}
[1.385696] (-) EventReactorShutdown: {}
