[1.287s] DEBUG:colcon:Command line arguments: ['/usr/bin/colcon', 'build', '--symlink-install']
[1.287s] DEBUG:colcon:Parsed command line arguments: Namespace(log_base=None, log_level=None, verb_name='build', build_base='build', install_base='install', merge_install=False, symlink_install=True, test_result_base=None, continue_on_error=False, executor='parallel', parallel_workers=20, event_handlers=None, ignore_user_meta=False, metas=['./colcon.meta'], base_paths=['.'], packages_ignore=None, packages_ignore_regex=None, paths=None, packages_up_to=None, packages_up_to_regex=None, packages_above=None, packages_above_and_dependencies=None, packages_above_depth=None, packages_select_by_dep=None, packages_skip_by_dep=None, packages_skip_up_to=None, packages_select_build_failed=False, packages_skip_build_finished=False, packages_select_test_failures=False, packages_skip_test_passed=False, packages_select=None, packages_skip=None, packages_select_regex=None, packages_skip_regex=None, packages_start=None, packages_end=None, allow_overriding=[], cmake_args=None, cmake_target=None, cmake_target_skip_unavailable=False, cmake_clean_cache=False, cmake_clean_first=False, cmake_force_configure=False, ament_cmake_args=None, catkin_cmake_args=None, catkin_skip_building_tests=False, verb_parser=<colcon_defaults.argument_parser.defaults.DefaultArgumentsDecorator object at 0x7f1fa764ad40>, verb_extension=<colcon_core.verb.build.BuildVerb object at 0x7f1fa7628d00>, main=<bound method BuildVerb.main of <colcon_core.verb.build.BuildVerb object at 0x7f1fa7628d00>>)
[1.373s] Level 1:colcon.colcon_core.package_discovery:discover_packages(colcon_meta) check parameters
[1.373s] Level 1:colcon.colcon_core.package_discovery:discover_packages(recursive) check parameters
[1.373s] Level 1:colcon.colcon_core.package_discovery:discover_packages(ignore) check parameters
[1.373s] Level 1:colcon.colcon_core.package_discovery:discover_packages(path) check parameters
[1.373s] Level 1:colcon.colcon_core.package_discovery:discover_packages(colcon_meta) discover
[1.374s] Level 1:colcon.colcon_core.package_discovery:discover_packages(recursive) discover
[1.374s] INFO:colcon.colcon_core.package_discovery:Crawling recursively for packages in '/home/kasm-user/ros2_ws/src'
[1.374s] Level 1:colcon.colcon_core.package_identification:_identify(.) by extensions ['ignore', 'ignore_ament_install']
[1.374s] Level 1:colcon.colcon_core.package_identification:_identify(.) by extension 'ignore'
[1.374s] Level 1:colcon.colcon_core.package_identification:_identify(.) by extension 'ignore_ament_install'
[1.374s] Level 1:colcon.colcon_core.package_identification:_identify(.) by extensions ['colcon_pkg']
[1.374s] Level 1:colcon.colcon_core.package_identification:_identify(.) by extension 'colcon_pkg'
[1.374s] Level 1:colcon.colcon_core.package_identification:_identify(.) by extensions ['colcon_meta']
[1.374s] Level 1:colcon.colcon_core.package_identification:_identify(.) by extension 'colcon_meta'
[1.374s] Level 1:colcon.colcon_core.package_identification:_identify(.) by extensions ['ros']
[1.374s] Level 1:colcon.colcon_core.package_identification:_identify(.) by extension 'ros'
[1.389s] Level 1:colcon.colcon_core.package_identification:_identify(.) by extensions ['cmake', 'python']
[1.389s] Level 1:colcon.colcon_core.package_identification:_identify(.) by extension 'cmake'
[1.389s] Level 1:colcon.colcon_core.package_identification:_identify(.) by extension 'python'
[1.389s] Level 1:colcon.colcon_core.package_identification:_identify(.) by extensions ['python_setup_py']
[1.389s] Level 1:colcon.colcon_core.package_identification:_identify(.) by extension 'python_setup_py'
[1.389s] Level 1:colcon.colcon_core.package_identification:_identify(build) by extensions ['ignore', 'ignore_ament_install']
[1.389s] Level 1:colcon.colcon_core.package_identification:_identify(build) by extension 'ignore'
[1.389s] Level 1:colcon.colcon_core.package_identification:_identify(build) ignored
[1.390s] Level 1:colcon.colcon_core.package_identification:_identify(install) by extensions ['ignore', 'ignore_ament_install']
[1.390s] Level 1:colcon.colcon_core.package_identification:_identify(install) by extension 'ignore'
[1.390s] Level 1:colcon.colcon_core.package_identification:_identify(install) ignored
[1.390s] Level 1:colcon.colcon_core.package_identification:_identify(log) by extensions ['ignore', 'ignore_ament_install']
[1.390s] Level 1:colcon.colcon_core.package_identification:_identify(log) by extension 'ignore'
[1.390s] Level 1:colcon.colcon_core.package_identification:_identify(log) ignored
[1.390s] Level 1:colcon.colcon_core.package_identification:_identify(road_inspection) by extensions ['ignore', 'ignore_ament_install']
[1.390s] Level 1:colcon.colcon_core.package_identification:_identify(road_inspection) by extension 'ignore'
[1.390s] Level 1:colcon.colcon_core.package_identification:_identify(road_inspection) by extension 'ignore_ament_install'
[1.390s] Level 1:colcon.colcon_core.package_identification:_identify(road_inspection) by extensions ['colcon_pkg']
[1.390s] Level 1:colcon.colcon_core.package_identification:_identify(road_inspection) by extension 'colcon_pkg'
[1.390s] Level 1:colcon.colcon_core.package_identification:_identify(road_inspection) by extensions ['colcon_meta']
[1.390s] Level 1:colcon.colcon_core.package_identification:_identify(road_inspection) by extension 'colcon_meta'
[1.390s] Level 1:colcon.colcon_core.package_identification:_identify(road_inspection) by extensions ['ros']
[1.390s] Level 1:colcon.colcon_core.package_identification:_identify(road_inspection) by extension 'ros'
[1.392s] DEBUG:colcon.colcon_core.package_identification:Failed to parse potential ROS package manifest in'road_inspection': Error(s) in package 'road_inspection/package.xml':
The manifest contains invalid XML:
mismatched tag: line 25, column 2
[1.392s] Level 1:colcon.colcon_core.package_identification:_identify(road_inspection) by extensions ['cmake', 'python']
[1.392s] Level 1:colcon.colcon_core.package_identification:_identify(road_inspection) by extension 'cmake'
[1.392s] Level 1:colcon.colcon_core.package_identification:_identify(road_inspection) by extension 'python'
[1.393s] DEBUG:colcon.colcon_core.package_identification:Python package in 'road_inspection' passes arguments to the setup() function which requires a different identification extension than 'python'
[1.393s] Level 1:colcon.colcon_core.package_identification:_identify(road_inspection) by extensions ['python_setup_py']
[1.393s] Level 1:colcon.colcon_core.package_identification:_identify(road_inspection) by extension 'python_setup_py'
[1.721s] DEBUG:colcon.colcon_core.package_identification:Package 'road_inspection' with type 'python' and name 'road_inspection'
[1.721s] Level 1:colcon.colcon_core.package_discovery:discover_packages(recursive) using defaults
[1.721s] Level 1:colcon.colcon_core.package_discovery:discover_packages(ignore) discover
[1.721s] Level 1:colcon.colcon_core.package_discovery:discover_packages(ignore) using defaults
[1.721s] Level 1:colcon.colcon_core.package_discovery:discover_packages(path) discover
[1.721s] Level 1:colcon.colcon_core.package_discovery:discover_packages(path) using defaults
[1.830s] Level 1:colcon.colcon_core.package_discovery:discover_packages(prefix_path) check parameters
[1.831s] Level 1:colcon.colcon_core.package_discovery:discover_packages(prefix_path) discover
[1.869s] DEBUG:colcon.colcon_installed_package_information.package_discovery:Found 12 installed packages in /opt/ros/lcas_addons/install
[1.891s] DEBUG:colcon.colcon_installed_package_information.package_discovery:Found 360 installed packages in /opt/ros/humble
[1.894s] Level 1:colcon.colcon_core.package_discovery:discover_packages(prefix_path) using defaults
[2.041s] Level 5:colcon.colcon_core.verb:set package 'road_inspection' build argument 'cmake_args' from command line to 'None'
[2.041s] Level 5:colcon.colcon_core.verb:set package 'road_inspection' build argument 'cmake_target' from command line to 'None'
[2.042s] Level 5:colcon.colcon_core.verb:set package 'road_inspection' build argument 'cmake_target_skip_unavailable' from command line to 'False'
[2.042s] Level 5:colcon.colcon_core.verb:set package 'road_inspection' build argument 'cmake_clean_cache' from command line to 'False'
[2.042s] Level 5:colcon.colcon_core.verb:set package 'road_inspection' build argument 'cmake_clean_first' from command line to 'False'
[2.042s] Level 5:colcon.colcon_core.verb:set package 'road_inspection' build argument 'cmake_force_configure' from command line to 'False'
[2.042s] Level 5:colcon.colcon_core.verb:set package 'road_inspection' build argument 'ament_cmake_args' from command line to 'None'
[2.042s] Level 5:colcon.colcon_core.verb:set package 'road_inspection' build argument 'catkin_cmake_args' from command line to 'None'
[2.042s] Level 5:colcon.colcon_core.verb:set package 'road_inspection' build argument 'catkin_skip_building_tests' from command line to 'False'
[2.042s] DEBUG:colcon.colcon_core.verb:Building package 'road_inspection' with the following arguments: {'ament_cmake_args': None, 'build_base': '/home/kasm-user/ros2_ws/src/build/road_inspection', 'catkin_cmake_args': None, 'catkin_skip_building_tests': False, 'cmake_args': None, 'cmake_clean_cache': False, 'cmake_clean_first': False, 'cmake_force_configure': False, 'cmake_target': None, 'cmake_target_skip_unavailable': False, 'install_base': '/home/kasm-user/ros2_ws/src/install/road_inspection', 'merge_install': False, 'path': '/home/kasm-user/ros2_ws/src/road_inspection', 'symlink_install': True, 'test_result_base': None}
[2.059s] INFO:colcon.colcon_core.executor:Executing jobs using 'parallel' executor
[2.076s] DEBUG:colcon.colcon_parallel_executor.executor.parallel:run_until_complete
[2.076s] INFO:colcon.colcon_core.task.python.build:Building Python package in '/home/kasm-user/ros2_ws/src/road_inspection'
[2.098s] INFO:colcon.colcon_core.plugin_system:Skipping extension 'colcon_core.shell.bat': Not used on non-Windows systems
[2.098s] INFO:colcon.colcon_core.shell:Skip shell extension 'powershell' for command environment: Not usable outside of PowerShell
[2.098s] DEBUG:colcon.colcon_core.shell:Skip shell extension 'dsv' for command environment
[2.934s] DEBUG:colcon.colcon_core.event_handler.log_command:Invoking command in '/home/kasm-user/ros2_ws/src/build/road_inspection': PS1=default:\w$ PYTHONPATH=/home/kasm-user/ros2_ws/src/build/road_inspection/prefix_override:/home/kasm-user/ros2_ws/src/install/road_inspection/lib/python3.10/site-packages:${PYTHONPATH} /usr/bin/python3 setup.py develop --editable --build-directory /home/kasm-user/ros2_ws/src/build/road_inspection/build --no-deps install_data
[3.469s] Level 1:colcon.colcon_core.shell:create_environment_hook('road_inspection', 'pythonpath_develop')
[3.469s] DEBUG:colcon.colcon_core.event_handler.log_command:Invoked command in '/home/kasm-user/ros2_ws/src/build/road_inspection' returned '0': PS1=default:\w$ PYTHONPATH=/home/kasm-user/ros2_ws/src/build/road_inspection/prefix_override:/home/kasm-user/ros2_ws/src/install/road_inspection/lib/python3.10/site-packages:${PYTHONPATH} /usr/bin/python3 setup.py develop --editable --build-directory /home/kasm-user/ros2_ws/src/build/road_inspection/build --no-deps install_data
[3.490s] INFO:colcon.colcon_core.shell:Creating environment hook '/home/kasm-user/ros2_ws/src/build/road_inspection/share/road_inspection/hook/pythonpath_develop.ps1'
[3.492s] INFO:colcon.colcon_core.shell:Creating environment descriptor '/home/kasm-user/ros2_ws/src/build/road_inspection/share/road_inspection/hook/pythonpath_develop.dsv'
[3.493s] INFO:colcon.colcon_core.shell:Creating environment hook '/home/kasm-user/ros2_ws/src/build/road_inspection/share/road_inspection/hook/pythonpath_develop.sh'
[3.516s] Level 1:colcon.colcon_core.environment:checking '/home/kasm-user/ros2_ws/src/install/road_inspection' for CMake module files
[3.517s] Level 1:colcon.colcon_core.environment:checking '/home/kasm-user/ros2_ws/src/install/road_inspection' for CMake config files
[3.517s] Level 1:colcon.colcon_core.environment:checking '/home/kasm-user/ros2_ws/src/install/road_inspection/lib'
[3.518s] Level 1:colcon.colcon_core.environment:checking '/home/kasm-user/ros2_ws/src/install/road_inspection/bin'
[3.518s] Level 1:colcon.colcon_core.environment:checking '/home/kasm-user/ros2_ws/src/install/road_inspection/lib/pkgconfig/road_inspection.pc'
[3.518s] Level 1:colcon.colcon_core.environment:checking '/home/kasm-user/ros2_ws/src/install/road_inspection/lib/python3.10/site-packages'
[3.518s] Level 1:colcon.colcon_core.shell:create_environment_hook('road_inspection', 'pythonpath')
[3.535s] INFO:colcon.colcon_core.shell:Creating environment hook '/home/kasm-user/ros2_ws/src/install/road_inspection/share/road_inspection/hook/pythonpath.ps1'
[3.535s] INFO:colcon.colcon_core.shell:Creating environment descriptor '/home/kasm-user/ros2_ws/src/install/road_inspection/share/road_inspection/hook/pythonpath.dsv'
[3.536s] INFO:colcon.colcon_core.shell:Creating environment hook '/home/kasm-user/ros2_ws/src/install/road_inspection/share/road_inspection/hook/pythonpath.sh'
[3.536s] Level 1:colcon.colcon_core.environment:checking '/home/kasm-user/ros2_ws/src/install/road_inspection/bin'
[3.536s] Level 1:colcon.colcon_core.environment:create_environment_scripts_only(road_inspection)
[3.549s] INFO:colcon.colcon_core.shell:Creating package script '/home/kasm-user/ros2_ws/src/install/road_inspection/share/road_inspection/package.ps1'
[3.551s] INFO:colcon.colcon_core.shell:Creating package descriptor '/home/kasm-user/ros2_ws/src/install/road_inspection/share/road_inspection/package.dsv'
[3.552s] INFO:colcon.colcon_core.shell:Creating package script '/home/kasm-user/ros2_ws/src/install/road_inspection/share/road_inspection/package.sh'
[3.553s] INFO:colcon.colcon_core.shell:Creating package script '/home/kasm-user/ros2_ws/src/install/road_inspection/share/road_inspection/package.bash'
[3.554s] INFO:colcon.colcon_core.shell:Creating package script '/home/kasm-user/ros2_ws/src/install/road_inspection/share/road_inspection/package.zsh'
[3.555s] Level 1:colcon.colcon_core.environment:create_file_with_runtime_dependencies(/home/kasm-user/ros2_ws/src/install/road_inspection/share/colcon-core/packages/road_inspection)
[3.556s] DEBUG:colcon.colcon_parallel_executor.executor.parallel:closing loop
[3.556s] DEBUG:colcon.colcon_parallel_executor.executor.parallel:loop closed
[3.557s] DEBUG:colcon.colcon_parallel_executor.executor.parallel:run_until_complete finished with '0'
[3.557s] DEBUG:colcon.colcon_core.event_reactor:joining thread
[3.607s] INFO:colcon.colcon_core.plugin_system:Skipping extension 'colcon_notification.desktop_notification.terminal_notifier': Not used on non-Darwin systems
[3.607s] INFO:colcon.colcon_core.plugin_system:Skipping extension 'colcon_notification.desktop_notification.win32': Not used on non-Windows systems
[3.607s] INFO:colcon.colcon_notification.desktop_notification:Sending desktop notification using 'notify2'
[3.688s] DEBUG:colcon.colcon_core.event_reactor:joined thread
[3.707s] INFO:colcon.colcon_core.shell:Creating prefix script '/home/kasm-user/ros2_ws/src/install/local_setup.ps1'
[3.709s] INFO:colcon.colcon_core.shell:Creating prefix util module '/home/kasm-user/ros2_ws/src/install/_local_setup_util_ps1.py'
[3.712s] INFO:colcon.colcon_core.shell:Creating prefix chain script '/home/kasm-user/ros2_ws/src/install/setup.ps1'
[3.730s] INFO:colcon.colcon_core.shell:Creating prefix script '/home/kasm-user/ros2_ws/src/install/local_setup.sh'
[3.732s] INFO:colcon.colcon_core.shell:Creating prefix util module '/home/kasm-user/ros2_ws/src/install/_local_setup_util_sh.py'
[3.732s] INFO:colcon.colcon_core.shell:Creating prefix chain script '/home/kasm-user/ros2_ws/src/install/setup.sh'
[3.749s] INFO:colcon.colcon_core.shell:Creating prefix script '/home/kasm-user/ros2_ws/src/install/local_setup.bash'
[3.750s] INFO:colcon.colcon_core.shell:Creating prefix chain script '/home/kasm-user/ros2_ws/src/install/setup.bash'
[3.766s] INFO:colcon.colcon_core.shell:Creating prefix script '/home/kasm-user/ros2_ws/src/install/local_setup.zsh'
[3.767s] INFO:colcon.colcon_core.shell:Creating prefix chain script '/home/kasm-user/ros2_ws/src/install/setup.zsh'
