[0.856s] Invoking command in '/home/kasm-user/ros2_ws/src/build/road_inspection': PS1=default:\w$ PYTHONPATH=/home/kasm-user/ros2_ws/src/build/road_inspection/prefix_override:/home/kasm-user/ros2_ws/src/install/road_inspection/lib/python3.10/site-packages:${PYTHONPATH} /usr/bin/python3 setup.py develop --editable --build-directory /home/kasm-user/ros2_ws/src/build/road_inspection/build --no-deps install_data
[1.177s] running develop
[1.178s] /usr/lib/python3/dist-packages/setuptools/command/easy_install.py:158: EasyInstallDeprecationWarning: easy_install command is deprecated. Use build and pip and other standards-based tools.
[1.179s]   warnings.warn(
[1.181s] /usr/lib/python3/dist-packages/setuptools/command/install.py:34: SetuptoolsDeprecationWarning: setup.py install is deprecated. Use build and pip and other standards-based tools.
[1.181s]   warnings.warn(
[1.352s] running egg_info
[1.352s] creating road_inspection.egg-info
[1.353s] writing road_inspection.egg-info/PKG-INFO
[1.353s] writing dependency_links to road_inspection.egg-info/dependency_links.txt
[1.353s] writing entry points to road_inspection.egg-info/entry_points.txt
[1.354s] writing requirements to road_inspection.egg-info/requires.txt
[1.354s] writing top-level names to road_inspection.egg-info/top_level.txt
[1.354s] writing manifest file 'road_inspection.egg-info/SOURCES.txt'
[1.355s] reading manifest file 'road_inspection.egg-info/SOURCES.txt'
[1.356s] writing manifest file 'road_inspection.egg-info/SOURCES.txt'
[1.357s] running build_ext
[1.358s] Creating /home/kasm-user/ros2_ws/src/install/road_inspection/lib/python3.10/site-packages/road-inspection.egg-link (link to .)
[1.359s] Installing image_projection1 script to /home/kasm-user/ros2_ws/src/install/road_inspection/lib/road_inspection
[1.359s] Installing mover script to /home/kasm-user/ros2_ws/src/install/road_inspection/lib/road_inspection
[1.359s] Installing mover_with_pose script to /home/kasm-user/ros2_ws/src/install/road_inspection/lib/road_inspection
[1.359s] Installing opencv_test script to /home/kasm-user/ros2_ws/src/install/road_inspection/lib/road_inspection
[1.361s] Installing tf_listener script to /home/kasm-user/ros2_ws/src/install/road_inspection/lib/road_inspection
[1.361s] 
[1.361s] Installed /home/kasm-user/ros2_ws/src/build/road_inspection
[1.361s] running install_data
[1.362s] creating /home/kasm-user/ros2_ws/src/install/road_inspection/share
[1.362s] creating /home/kasm-user/ros2_ws/src/install/road_inspection/share/ament_index
[1.362s] creating /home/kasm-user/ros2_ws/src/install/road_inspection/share/ament_index/resource_index
[1.362s] creating /home/kasm-user/ros2_ws/src/install/road_inspection/share/ament_index/resource_index/packages
[1.362s] copying resource/road_inspection -> /home/kasm-user/ros2_ws/src/install/road_inspection/share/ament_index/resource_index/packages
[1.362s] creating /home/kasm-user/ros2_ws/src/install/road_inspection/share/road_inspection
[1.362s] copying package.xml -> /home/kasm-user/ros2_ws/src/install/road_inspection/share/road_inspection
[1.392s] Invoked command in '/home/kasm-user/ros2_ws/src/build/road_inspection' returned '0': PS1=default:\w$ PYTHONPATH=/home/kasm-user/ros2_ws/src/build/road_inspection/prefix_override:/home/kasm-user/ros2_ws/src/install/road_inspection/lib/python3.10/site-packages:${PYTHONPATH} /usr/bin/python3 setup.py develop --editable --build-directory /home/kasm-user/ros2_ws/src/build/road_inspection/build --no-deps install_data
